<?xml version="1.0" encoding="UTF-8"?>
<testsuites name="Checkout" time="9.951" tests="3" failures="0" errors="0">
   <testsuite name="Checkout" tests="3" failures="0" errors="0" time="9.951" skipped="0" timestamp="29-07-2024T13:18:57" hostname="taufi - DESKTOP-0TIJC0L" id="Test Suites/Checkout">
      <properties>
         <property name="deviceName" value=""/>
         <property name="devicePlatform"/>
         <property name="logFolder" value="D:\\Pribadi\\QA\\Sanbercode\\tugas4-katalon-sanbercode\\tugas4-katalon-sanbercode\\Reports\\20240729_131853\\Checkout\\20240729_131853"/>
         <property name="logFiles" value="D:\\Pribadi\\QA\\Sanbercode\\tugas4-katalon-sanbercode\\tugas4-katalon-sanbercode\\Reports\\20240729_131853\\Checkout\\20240729_131853\\execution0.log"/>
         <property name="attachments" value=""/>
         <property name="hostName" value="taufi - DESKTOP-0TIJC0L"/>
         <property name="os" value="Windows 10 64bit"/>
         <property name="katalonVersion" value="9.6.0.217"/>
         <property name="browser" value="Chrome 126.0.0.0"/>
         <property name="hostAddress" value="192.168.1.22"/>
         <property name="sessionId" value="fe86b4a5ab21752a32c36b46314ce6a2"/>
         <property name="seleniumVersion" value="3.141.59"/>
         <property name="proxyInformation" value="ProxyInformation { proxyOption=NO_PROXY, proxyServerType=HTTP, username=, password=********, proxyServerAddress=, proxyServerPort=0, executionList=&quot;&quot;, isApplyToDesiredCapabilities=true }"/>
         <property name="platform" value="Windows 10"/>
      </properties>
      <testcase name="Test Cases/Web/Succes Login" time="7.03" classname="Test Cases/Web/Succes Login" status="PASSED">
         <system-out><![CDATA[29-07-2024T13:18:57 - [TEST_CASE][PASSED] - Test Cases/Web/Succes Login: Test Cases/Web/Succes Login

29-07-2024T13:18:57 - [TEST_STEP][PASSED] - openBrowser(""): Browser is opened with url: ''

29-07-2024T13:18:58 - [MESSAGE][INFO] - Starting 'Chrome' driver

29-07-2024T13:18:58 - [MESSAGE][INFO] - Action delay is set to 0 milliseconds

29-07-2024T13:19:00 - [MESSAGE][PASSED] - Browser is opened with url: ''

29-07-2024T13:19:00 - [TEST_STEP][PASSED] - navigateToUrl(baseUrl): Navigate to 'https://www.saucedemo.com/' successfully

29-07-2024T13:19:00 - [MESSAGE][PASSED] - Navigate to 'https://www.saucedemo.com/' successfully

29-07-2024T13:19:00 - [TEST_STEP][PASSED] - setText(findTestObject("Success Login/input_username"), "standard_user"): Text 'standard_user' is set on object 'Object Repository/Success Login/input_username'

29-07-2024T13:19:02 - [MESSAGE][PASSED] - Text 'standard_user' is set on object 'Object Repository/Success Login/input_username'

29-07-2024T13:19:02 - [TEST_STEP][PASSED] - setText(findTestObject("Success Login/input_password"), password_success): Text 'secret_sauce' is set on object 'Object Repository/Success Login/input_password'

29-07-2024T13:19:03 - [MESSAGE][PASSED] - Text 'secret_sauce' is set on object 'Object Repository/Success Login/input_password'

29-07-2024T13:19:03 - [TEST_STEP][PASSED] - click(findTestObject("Success Login/btn_login")): Object: 'Object Repository/Success Login/btn_login' is clicked on

29-07-2024T13:19:04 - [MESSAGE][PASSED] - Object: 'Object Repository/Success Login/btn_login' is clicked on

29-07-2024T13:19:04 - [TEST_STEP][PASSED] - verifyElementVisible(findTestObject("Success Login/page_title")): Object 'Object Repository/Success Login/page_title' is visible

29-07-2024T13:19:04 - [MESSAGE][PASSED] - Object 'Object Repository/Success Login/page_title' is visible]]></system-out>
         <system-err><![CDATA[]]></system-err>
      </testcase>
      <testcase name="Test Cases/Web/Add product to cart" time="0.947" classname="Test Cases/Web/Add product to cart" status="PASSED">
         <system-out><![CDATA[29-07-2024T13:19:04 - [TEST_CASE][PASSED] - Test Cases/Web/Add product to cart: Test Cases/Web/Add product to cart

29-07-2024T13:19:04 - [TEST_STEP][PASSED] - click(findTestObject("Homepage/button_add_to_cart")): Object: 'Object Repository/Homepage/button_add_to_cart' is clicked on

29-07-2024T13:19:05 - [MESSAGE][PASSED] - Object: 'Object Repository/Homepage/button_add_to_cart' is clicked on

29-07-2024T13:19:05 - [TEST_STEP][PASSED] - verifyElementVisible(findTestObject("Homepage/icon_cart_with_product")): Object 'Object Repository/Homepage/icon_cart_with_product' is visible

29-07-2024T13:19:05 - [MESSAGE][PASSED] - Object 'Object Repository/Homepage/icon_cart_with_product' is visible]]></system-out>
         <system-err><![CDATA[]]></system-err>
      </testcase>
      <testcase name="Test Cases/Web/Success Checkout Product" time="1.784" classname="Test Cases/Web/Success Checkout Product" status="PASSED">
         <system-out><![CDATA[29-07-2024T13:19:05 - [TEST_CASE][PASSED] - Test Cases/Web/Success Checkout Product: Test Cases/Web/Success Checkout Product

29-07-2024T13:19:05 - [TEST_STEP][PASSED] - click(findTestObject("Homepage/btn_cart_icon")): Object: 'Object Repository/Homepage/btn_cart_icon' is clicked on

29-07-2024T13:19:05 - [MESSAGE][PASSED] - Object: 'Object Repository/Homepage/btn_cart_icon' is clicked on

29-07-2024T13:19:05 - [TEST_STEP][PASSED] - click(findTestObject("Cart Page/btn_checkout")): Object: 'Object Repository/Cart Page/btn_checkout' is clicked on

29-07-2024T13:19:06 - [MESSAGE][PASSED] - Object: 'Object Repository/Cart Page/btn_checkout' is clicked on

29-07-2024T13:19:06 - [TEST_STEP][PASSED] - setText(findTestObject("Checkout information page/input_name"), "Peter"): Text 'Peter' is set on object 'Object Repository/Checkout information page/input_name'

29-07-2024T13:19:07 - [MESSAGE][PASSED] - Text 'Peter' is set on object 'Object Repository/Checkout information page/input_name']]></system-out>
         <system-err><![CDATA[]]></system-err>
      </testcase>
      <system-out><![CDATA[29-07-2024T13:18:57 - [TEST_SUITE][PASSED] - Checkout: Test Cases/Web/Success Checkout Product]]></system-out>
      <system-err><![CDATA[]]></system-err>
   </testsuite>
</testsuites>
